<?xml version="1.0" encoding="UTF-8"?>
<testng-results ignored="0" total="1" passed="1" failed="0" skipped="0">
  <reporter-output>
  </reporter-output>
  <suite started-at="2022-12-17T06:52:03 IST" name="Default suite" finished-at="2022-12-17T06:52:25 IST" duration-ms="21708">
    <groups>
    </groups>
    <test started-at="2022-12-17T06:52:03 IST" name="Default test" finished-at="2022-12-17T06:52:25 IST" duration-ms="21708">
      <class name="testcases.TestOne">
        <test-method is-config="true" signature="SetUp()[pri:0, instance:testcases.TestOne@6e20b53a]" started-at="2022-12-17T06:52:03 IST" name="SetUp" finished-at="2022-12-17T06:52:21 IST" duration-ms="17799" status="PASS">
          <reporter-output>
          </reporter-output>
        </test-method> <!-- SetUp -->
        <test-method signature="Login()[pri:0, instance:testcases.TestOne@6e20b53a]" started-at="2022-12-17T06:52:21 IST" name="Login" finished-at="2022-12-17T06:52:23 IST" duration-ms="1669" status="PASS">
          <reporter-output>
          </reporter-output>
        </test-method> <!-- Login -->
        <test-method is-config="true" signature="TearDown()[pri:0, instance:testcases.TestOne@6e20b53a]" started-at="2022-12-17T06:52:23 IST" name="TearDown" finished-at="2022-12-17T06:52:25 IST" duration-ms="2061" status="PASS">
          <reporter-output>
          </reporter-output>
        </test-method> <!-- TearDown -->
      </class> <!-- testcases.TestOne -->
    </test> <!-- Default test -->
  </suite> <!-- Default suite -->
</testng-results>
