<?xml version="1.0" encoding="UTF-8"?>
<testng-results ignored="0" total="2" passed="2" failed="0" skipped="0">
  <reporter-output>
  </reporter-output>
  <suite started-at="2022-12-23T07:05:23 IST" name="Default suite" finished-at="2022-12-23T07:06:02 IST" duration-ms="39184">
    <groups>
    </groups>
    <test started-at="2022-12-23T07:05:23 IST" name="Default test" finished-at="2022-12-23T07:06:02 IST" duration-ms="39184">
      <class name="testcases.LoginTestCase">
        <test-method is-config="true" signature="SetUp()[pri:0, instance:testcases.LoginTestCase@52bf72b5]" started-at="2022-12-23T07:05:23 IST" name="SetUp" finished-at="2022-12-23T07:05:59 IST" duration-ms="36157" status="PASS">
          <reporter-output>
          </reporter-output>
        </test-method> <!-- SetUp -->
        <test-method signature="validateLogo()[pri:0, instance:testcases.LoginTestCase@52bf72b5]" started-at="2022-12-23T07:05:59 IST" name="validateLogo" finished-at="2022-12-23T07:05:59 IST" duration-ms="225" status="PASS">
          <reporter-output>
          </reporter-output>
        </test-method> <!-- validateLogo -->
        <test-method signature="validateTitle()[pri:0, instance:testcases.LoginTestCase@52bf72b5]" started-at="2022-12-23T07:05:59 IST" name="validateTitle" finished-at="2022-12-23T07:05:59 IST" duration-ms="21" status="PASS">
          <reporter-output>
          </reporter-output>
        </test-method> <!-- validateTitle -->
        <test-method is-config="true" signature="TearDown()[pri:0, instance:testcases.LoginTestCase@52bf72b5]" started-at="2022-12-23T07:05:59 IST" name="TearDown" finished-at="2022-12-23T07:06:02 IST" duration-ms="2663" status="PASS">
          <reporter-output>
          </reporter-output>
        </test-method> <!-- TearDown -->
      </class> <!-- testcases.LoginTestCase -->
    </test> <!-- Default test -->
  </suite> <!-- Default suite -->
</testng-results>
